Arguments: 
  C:\Program Files\nodejs\node.exe C:\Users\santil13\AppData\Roaming\npm\node_modules\yarn\bin\yarn.js add @types/fs-readfile-promises --dev

PATH: 
  C:\Python311\Scripts\;C:\Python311\;C:\Program Files\Java\OpenJDK\jdk-19.0.1\bin;C:\Program Files\Common Files\Oracle\Java\javapath;C:\WINDOWS\system32;C:\WINDOWS;C:\WINDOWS\System32\Wbem;C:\WINDOWS\System32\WindowsPowerShell\v1.0\;C:\WINDOWS\System32\OpenSSH\;C:\ProgramData\chocolatey\bin;C:\Program Files\SafeNet\Authentication\SAC\x64;C:\Program Files\SafeNet\Authentication\SAC\x32;C:\Program Files\Microsoft SQL Server\130\Tools\Binn\;C:\Program Files\Microsoft SQL Server\Client SDK\ODBC\170\Tools\Binn\;C:\MyApplications\apache-maven-3.8.6\bin;node_modules\npm\node_modules\;C:\PHP\PHP8;C:\ProgramData\ComposerSetup\bin;C:\HashiCorp\Vagrant\bin;C:\Program Files (x86)\QuickTime\QTSystem\;C:\Program Files\dotnet\;C:\Program Files\Microsoft SQL Server\150\Tools\Binn\;C:\Program Files (x86)\Microsoft SQL Server\150\Tools\Binn\;C:\Program Files\Microsoft SQL Server\150\DTS\Binn\;C:\Program Files (x86)\Microsoft SQL Server\150\DTS\Binn\;C:\Program Files\Azure Data Studio\bin;C:\Program Files (x86)\Microsoft SQL Server\110\DTS\Binn\;C:\Program Files (x86)\Microsoft SQL Server\120\DTS\Binn\;C:\Program Files (x86)\Microsoft SQL Server\130\DTS\Binn\;C:\Program Files (x86)\Microsoft SQL Server\140\DTS\Binn\;C:\Program Files\PostgreSQL\14\bin;C:\Program Files\PostgreSQL\14\lib;C:\Program Files\Git\cmd;C:\WINDOWS\system32;C:\WINDOWS;C:\WINDOWS\System32\Wbem;C:\WINDOWS\System32\WindowsPowerShell\v1.0\;C:\WINDOWS\System32\OpenSSH\;C:\Gradle\gradle-8.3\bin;C:\Program Files\Docker\Docker\resources\bin;C:\Program Files\PuTTY\;C:\Users\santil13\AppData\Roaming\nvm;C:\Program Files\nodejs;C:\Users\santil13\AppData\Local\Programs\Python\Python310\Scripts\;C:\Users\santil13\AppData\Local\Programs\Python\Python310\;C:\Users\santil13\AppData\Local\Programs\Python\Python39\Scripts\;C:\Users\santil13\AppData\Local\Programs\Python\Python39\;C:\Users\santil13\AppData\Local\Programs\Python\Python38-32\Scripts\;C:\Users\santil13\AppData\Local\Programs\Python\Python38-32\;C:\Users\santil13\AppData\Local\Microsoft\WindowsApps;C:\Users\santil13\AppData\Local\Programs\Microsoft VS Code\bin;C:\Program Files\JetBrains\PhpStorm 2019.3.1\bin;C:\Program Files\JetBrains\PyCharm 2019.3.1\bin;C:\Program Files\JetBrains\IntelliJ IDEA 2019.3.1\bin;C:\Users\santil13\AppData\Roaming\Composer\vendor\bin;C:\Program Files (x86)\Nmap;C:\Program Files\JetBrains\DataGrip 2020.1.4\bin;C:\Users\santil13\AppData\Local\atom\bin;C:\Program Files\JetBrains\IntelliJ IDEA 2020.2.3\bin;C:\Program Files\JetBrains\PyCharm 2020.2.3\bin;C:\Program Files\JetBrains\WebStorm 2020.3.3\bin;C:\Users\santil13\.dotnet\tools;C:\Program Files\JetBrains\DataGrip 2021.3.1\bin;C:\Users\santil13\AppData\Local\Programs\Fiddler;C:\Users\santil13\.dotnet\tools;C:\Program Files\JetBrains\PhpStorm 2023.2.1\bin;;C:\Program Files\JetBrains\WebStorm 2021.3.1\bin;;C:\Program Files\Azure Data Studio\bin;C:\Program Files\JetBrains\CLion 2022.2.4\bin;;C:\Program Files\MongoDB\Server\6.0\bin\;C:\Program Files\MongoDB\mongosh\bin\;C:\Users\santil13\AppData\Local\Microsoft\WindowsApps;C:\Gradle\gradle-8.3\bin;C:\Program Files\JetBrains\IntelliJ IDEA 2023.1.2\bin;;C:\PHP\PHP8;C:\Program Files\ngrok;C:\Users\santil13\AppData\Roaming\npm;C:\mkcert;C:\Users\santil13\AppData\Roaming\nvm;C:\Program Files\nodejs

Yarn version: 
  1.22.19

Node version: 
  21.7.1

Platform: 
  win32 x64

Trace: 
  Error: https://registry.yarnpkg.com/@types%2ffs-readfile-promises: Not found
      at params.callback [as _callback] (C:\Users\santil13\AppData\Roaming\npm\node_modules\yarn\lib\cli.js:66145:18)
      at self.callback (C:\Users\santil13\AppData\Roaming\npm\node_modules\yarn\lib\cli.js:140890:22)
      at Request.emit (node:events:519:28)
      at Request.<anonymous> (C:\Users\santil13\AppData\Roaming\npm\node_modules\yarn\lib\cli.js:141862:10)
      at Request.emit (node:events:519:28)
      at IncomingMessage.<anonymous> (C:\Users\santil13\AppData\Roaming\npm\node_modules\yarn\lib\cli.js:141784:12)
      at Object.onceWrapper (node:events:633:28)
      at IncomingMessage.emit (node:events:531:35)
      at endReadableNT (node:internal/streams/readable:1696:12)
      at process.processTicksAndRejections (node:internal/process/task_queues:82:21)

npm manifest: 
  {
    "name": "week10_1",
    "version": "1.0.0",
    "main": "server.js",
    "license": "MIT",
    "scripts": {
      "start": "node server.js"
    },
    "type": "module",
    "dependencies": {
      "@fortawesome/fontawesome-free": "^6.5.1",
      "@popperjs/core": "^2.11.8",
      "bootstrap": "^5.3.2",
      "fs-readfile-promise": "^3.0.1",
      "jquery": "^3.7.1"
    },
    "devDependencies": {
      "@types/jquery": "^3.5.29",
      "@types/node": "^20.11.25"
    }
  }

yarn manifest: 
  No manifest

Lockfile: 
  # THIS IS AN AUTOGENERATED FILE. DO NOT EDIT THIS FILE DIRECTLY.
  # yarn lockfile v1
  
  
  "@fortawesome/fontawesome-free@^6.5.1":
    version "6.5.1"
    resolved "https://registry.npmjs.org/@fortawesome/fontawesome-free/-/fontawesome-free-6.5.1.tgz"
    integrity sha512-CNy5vSwN3fsUStPRLX7fUYojyuzoEMSXPl7zSLJ8TgtRfjv24LOnOWKT2zYwaHZCJGkdyRnTmstR0P+Ah503Gw==
  
  "@popperjs/core@^2.11.8":
    version "2.11.8"
    resolved "https://registry.npmjs.org/@popperjs/core/-/core-2.11.8.tgz"
    integrity sha512-P1st0aksCrn9sGZhp8GMYwBnQsbvAWsZAX44oXNNvLHGqAOcoVxmjZiohstwQ7SqKnbR47akdNi+uleWD8+g6A==
  
  "@types/jquery@^3.5.29":
    version "3.5.29"
    resolved "https://registry.npmjs.org/@types/jquery/-/jquery-3.5.29.tgz"
    integrity sha512-oXQQC9X9MOPRrMhPHHOsXqeQDnWeCDT3PelUIg/Oy8FAbzSZtFHRjc7IpbfFVmpLtJ+UOoywpRsuO5Jxjybyeg==
    dependencies:
      "@types/sizzle" "*"
  
  "@types/node@^20.11.25":
    version "20.11.25"
    resolved "https://registry.yarnpkg.com/@types/node/-/node-20.11.25.tgz#0f50d62f274e54dd7a49f7704cc16bfbcccaf49f"
    integrity sha512-TBHyJxk2b7HceLVGFcpAUjsa5zIdsPWlR6XHfyGzd0SFu+/NFgQgMAl96MSDZgQDvJAvV6BKsFOrt6zIL09JDw==
    dependencies:
      undici-types "~5.26.4"
  
  "@types/sizzle@*":
    version "2.3.8"
    resolved "https://registry.npmjs.org/@types/sizzle/-/sizzle-2.3.8.tgz"
    integrity sha512-0vWLNK2D5MT9dg0iOo8GlKguPAU02QjmZitPEsXRuJXU/OGIOt9vT9Fc26wtYuavLxtO45v9PGleoL9Z0k1LHg==
  
  bootstrap@^5.3.2:
    version "5.3.2"
    resolved "https://registry.npmjs.org/bootstrap/-/bootstrap-5.3.2.tgz"
    integrity sha512-D32nmNWiQHo94BKHLmOrdjlL05q1c8oxbtBphQFb9Z5to6eGRDCm0QgeaZ4zFBHzfg2++rqa2JkqCcxDy0sH0g==
  
  fs-readfile-promise@^3.0.1:
    version "3.0.1"
    resolved "https://registry.yarnpkg.com/fs-readfile-promise/-/fs-readfile-promise-3.0.1.tgz#d0d307b7f6aedfc920c31fa6e5712efaa297c958"
    integrity sha512-LsSxMeaJdYH27XrW7Dmq0Gx63mioULCRel63B5VeELYLavi1wF5s0XfsIdKDFdCL9hsfQ2qBvXJszQtQJ9h17A==
    dependencies:
      graceful-fs "^4.1.11"
  
  graceful-fs@^4.1.11:
    version "4.2.11"
    resolved "https://registry.yarnpkg.com/graceful-fs/-/graceful-fs-4.2.11.tgz#4183e4e8bf08bb6e05bbb2f7d2e0c8f712ca40e3"
    integrity sha512-RbJ5/jmFcNNCcDV5o9eTnBLJ/HszWV0P73bc+Ff4nS/rJj+YaS6IGyiOL0VoBYX+l1Wrl3k63h/KrH+nhJ0XvQ==
  
  jquery@^3.7.1:
    version "3.7.1"
    resolved "https://registry.npmjs.org/jquery/-/jquery-3.7.1.tgz"
    integrity sha512-m4avr8yL8kmFN8psrbFFFmB/If14iN5o9nw/NgnnM+kybDJpRsAynV2BsfpTYrTRysYUdADVD7CkUUizgkpLfg==
  
  undici-types@~5.26.4:
    version "5.26.5"
    resolved "https://registry.yarnpkg.com/undici-types/-/undici-types-5.26.5.tgz#bcd539893d00b56e964fd2657a4866b221a65617"
    integrity sha512-JlCMO+ehdEIKqlFxk6IfVoAUVmgz7cU7zD/h9XZ0qzeosSHmUJVOzSQvvYSYWXkFXC+IfLKSIffhv0sVZup6pA==
